<?xml version="1.0" encoding="UTF-8"?>
<!-- Generated by org.testng.reporters.JUnitReportReporter -->
<testsuite hostname="ltaus00227" failures="0" tests="1" name="TestCase.LoginApplication" time="54.611" errors="0" timestamp="2021-07-01T22:28:18 AEST" skipped="0">
  <testcase classname="TestCase.LoginApplication" name="Login" time="54.611"/>
  <system-out/>
</testsuite> <!-- TestCase.LoginApplication -->
